#
# There is insufficient memory for the Java Runtime Environment to continue.
# Native memory allocation (mmap) failed to map 264241152 bytes for Failed to commit area from 0x0000000705200000 to 0x0000000714e00000 of length 264241152.
# Possible reasons:
#   The system is out of physical RAM or swap space
#   The process is running with CompressedOops enabled, and the Java Heap may be blocking the growth of the native heap
# Possible solutions:
#   Reduce memory load on the system
#   Increase physical memory or swap space
#   Check if swap backing store is full
#   Decrease Java heap size (-Xmx/-Xms)
#   Decrease number of Java threads
#   Decrease Java thread stack sizes (-Xss)
#   Set larger code cache with -XX:ReservedCodeCacheSize=
# This output file may be truncated or incomplete.
#
#  Out of Memory Error (src/hotspot/os/windows/os_windows.cpp:3627), pid=64672, tid=48184
#
# JRE version:  (11.0.15) (build )
# Java VM: OpenJDK 64-Bit Server VM (11.0.15+0-b2043.56-9505619, mixed mode, sharing, tiered, compressed oops, g1 gc, windows-amd64)
# No core dump will be written. Minidumps are not enabled by default on client versions of Windows
#

---------------  S U M M A R Y ------------

Command Line: git4idea.http.GitAskPassApp Username for 'https://github.com': 

Host: 12th Gen Intel(R) Core(TM) i7-12650H, 16 cores, 15G,  Windows 11 , 64 bit Build 22621 (10.0.22621.1485)
Time: Fri Apr 21 11:49:53 2023 Hora estándar oeste, Sudamérica elapsed time: 0.029250 seconds (0d 0h 0m 0s)

---------------  T H R E A D  ---------------

Current thread (0x000001e80fc86800):  JavaThread "Unknown thread" [_thread_in_vm, id=48184, stack(0x0000007460c00000,0x0000007460d00000)]

Stack: [0x0000007460c00000,0x0000007460d00000]
Native frames: (J=compiled Java code, j=interpreted, Vv=VM code, C=native code)
V  [jvm.dll+0x64135a]
V  [jvm.dll+0x7d39f9]
V  [jvm.dll+0x7d51b9]
V  [jvm.dll+0x7d58a3]
V  [jvm.dll+0x2691c5]
V  [jvm.dll+0x63e4e9]
V  [jvm.dll+0x632985]
V  [jvm.dll+0x3231ac]
V  [jvm.dll+0x323032]
V  [jvm.dll+0x327c06]
V  [jvm.dll+0x36ffa2]
V  [jvm.dll+0x36fa01]
V  [jvm.dll+0x2fea28]
V  [jvm.dll+0x2ffb25]
V  [jvm.dll+0x7accd7]
V  [jvm.dll+0x7ae49f]
V  [jvm.dll+0x37d299]
V  [jvm.dll+0x78ef9f]
V  [jvm.dll+0x3ec847]
V  [jvm.dll+0x3eed31]
C  [jli.dll+0x52cb]
C  [ucrtbase.dll+0x29363]
C  [KERNEL32.DLL+0x1269d]
C  [ntdll.dll+0x5a9f8]


---------------  P R O C E S S  ---------------

Threads class SMR info:
_java_thread_list=0x000001e80da1fa30, length=0, elements={
}

Java Threads: ( => current thread )

Other Threads:
  0x000001e80fc9a800 GCTaskThread "GC Thread#0" [stack: 0x0000007460d00000,0x0000007460e00000] [id=64536]
  0x000001e80fcf9000 ConcurrentGCThread "G1 Main Marker" [stack: 0x0000007460e00000,0x0000007460f00000] [id=25328]
  0x000001e80fcfb000 ConcurrentGCThread "G1 Conc#0" [stack: 0x0000007460f00000,0x0000007461000000] [id=31492]

[error occurred during error reporting (printing all threads), id 0xc0000005, EXCEPTION_ACCESS_VIOLATION (0xc0000005) at pc=0x00007ffaf2a9f3e7]

VM state:not at safepoint (not fully initialized)

VM Mutex/Monitor currently owned by a thread:  ([mutex/lock_event])
[0x000001e80fc82f60] Heap_lock - owner thread: 0x000001e80fc86800

Heap address: 0x0000000705200000, size: 4014 MB, Compressed Oops mode: Non-zero based: 0x0000000705200000
Narrow klass base: 0x0000000000000000, Narrow klass shift: 0

GC Heap History (0 events):
No events

Deoptimization events (0 events):
No events

Classes redefined (0 events):
No events

Internal exceptions (0 events):
No events

Events (1 events):
Event: 0.025 Loaded shared library C:\Program Files\Android\Android Studio\jbr\bin\zip.dll


Dynamic libraries:
0x00007ff7426e0000 - 0x00007ff7426ea000 	C:\Program Files\Android\Android Studio\jbr\bin\java.exe
0x00007ffb64070000 - 0x00007ffb64284000 	C:\WINDOWS\SYSTEM32\ntdll.dll
0x00007ffb62a80000 - 0x00007ffb62b42000 	C:\WINDOWS\System32\KERNEL32.DLL
0x00007ffb61820000 - 0x00007ffb61bbc000 	C:\WINDOWS\System32\KERNELBASE.dll
0x00007ffb61d60000 - 0x00007ffb61e71000 	C:\WINDOWS\System32\ucrtbase.dll
0x00007ffb58250000 - 0x00007ffb5826b000 	C:\Program Files\Android\Android Studio\jbr\bin\VCRUNTIME140.dll
0x00007ffb58230000 - 0x00007ffb58247000 	C:\Program Files\Android\Android Studio\jbr\bin\jli.dll
0x00007ffb63210000 - 0x00007ffb633bb000 	C:\WINDOWS\System32\USER32.dll
0x00007ffb61d30000 - 0x00007ffb61d56000 	C:\WINDOWS\System32\win32u.dll
0x00007ffb63530000 - 0x00007ffb63559000 	C:\WINDOWS\System32\GDI32.dll
0x00007ffb3eda0000 - 0x00007ffb3f02e000 	C:\WINDOWS\WinSxS\amd64_microsoft.windows.common-controls_6595b64144ccf1df_6.0.22621.608_none_a9444ca7c10bb01d\COMCTL32.dll
0x00007ffb61700000 - 0x00007ffb61813000 	C:\WINDOWS\System32\gdi32full.dll
0x00007ffb62b90000 - 0x00007ffb62c37000 	C:\WINDOWS\System32\msvcrt.dll
0x00007ffb61520000 - 0x00007ffb615ba000 	C:\WINDOWS\System32\msvcp_win.dll
0x00007ffb62b50000 - 0x00007ffb62b81000 	C:\WINDOWS\System32\IMM32.DLL
0x00007ffb4f220000 - 0x00007ffb4f22c000 	C:\Program Files\Android\Android Studio\jbr\bin\vcruntime140_1.dll
0x00007ffb368b0000 - 0x00007ffb3693d000 	C:\Program Files\Android\Android Studio\jbr\bin\msvcp140.dll
0x00007ffaf2790000 - 0x00007ffaf334c000 	C:\Program Files\Android\Android Studio\jbr\bin\server\jvm.dll
0x00007ffb629d0000 - 0x00007ffb62a7e000 	C:\WINDOWS\System32\ADVAPI32.dll
0x00007ffb62dd0000 - 0x00007ffb62e74000 	C:\WINDOWS\System32\sechost.dll
0x00007ffb628b0000 - 0x00007ffb629c7000 	C:\WINDOWS\System32\RPCRT4.dll
0x00007ffb62890000 - 0x00007ffb62898000 	C:\WINDOWS\System32\PSAPI.DLL
0x00007ffb375e0000 - 0x00007ffb375e9000 	C:\WINDOWS\SYSTEM32\WSOCK32.dll
0x00007ffb55450000 - 0x00007ffb5545a000 	C:\WINDOWS\SYSTEM32\VERSION.dll
0x00007ffb61e80000 - 0x00007ffb61ef1000 	C:\WINDOWS\System32\WS2_32.dll
0x00007ffb561d0000 - 0x00007ffb56204000 	C:\WINDOWS\SYSTEM32\WINMM.dll
0x00007ffb605f0000 - 0x00007ffb60608000 	C:\WINDOWS\SYSTEM32\kernel.appcore.dll
0x00007ffb36830000 - 0x00007ffb36840000 	C:\Program Files\Android\Android Studio\jbr\bin\verify.dll
0x00007ffb5e8b0000 - 0x00007ffb5eade000 	C:\WINDOWS\SYSTEM32\DBGHELP.DLL
0x00007ffb63af0000 - 0x00007ffb63e79000 	C:\WINDOWS\System32\combase.dll
0x00007ffb63130000 - 0x00007ffb63207000 	C:\WINDOWS\System32\OLEAUT32.dll
0x00007ffb51720000 - 0x00007ffb51752000 	C:\WINDOWS\SYSTEM32\dbgcore.DLL
0x00007ffb61680000 - 0x00007ffb616fb000 	C:\WINDOWS\System32\bcryptPrimitives.dll
0x00007ffaffce0000 - 0x00007ffaffd08000 	C:\Program Files\Android\Android Studio\jbr\bin\java.dll
0x00007ffb20610000 - 0x00007ffb2061a000 	C:\Program Files\Android\Android Studio\jbr\bin\jimage.dll
0x00007ffafe720000 - 0x00007ffafe738000 	C:\Program Files\Android\Android Studio\jbr\bin\zip.dll

dbghelp: loaded successfully - version: 4.0.5 - missing functions: none
symbol engine: initialized successfully - sym options: 0x614 - pdb path: .;C:\Program Files\Android\Android Studio\jbr\bin;C:\WINDOWS\SYSTEM32;C:\WINDOWS\WinSxS\amd64_microsoft.windows.common-controls_6595b64144ccf1df_6.0.22621.608_none_a9444ca7c10bb01d;C:\Program Files\Android\Android Studio\jbr\bin\server

VM Arguments:
java_command: git4idea.http.GitAskPassApp Username for 'https://github.com': 
java_class_path (initial): C:/Program Files/Android/Android Studio/plugins/git4idea/lib/git4idea-rt.jar;C:/Program Files/Android/Android Studio/lib/externalProcess-rt.jar;C:/Program Files/Android/Android Studio/lib/app.jar;C:/Program Files/Android/Android Studio/lib/3rd-party-rt.jar
Launcher Type: SUN_STANDARD

[Global flags]
     intx CICompilerCount                          = 12                                        {product} {ergonomic}
     uint ConcGCThreads                            = 3                                         {product} {ergonomic}
     uint G1ConcRefinementThreads                  = 13                                        {product} {ergonomic}
   size_t G1HeapRegionSize                         = 1048576                                   {product} {ergonomic}
    uintx GCDrainStackTargetSize                   = 64                                        {product} {ergonomic}
   size_t InitialHeapSize                          = 264241152                                 {product} {ergonomic}
   size_t MarkStackSize                            = 4194304                                   {product} {ergonomic}
   size_t MaxHeapSize                              = 4208984064                                {product} {ergonomic}
   size_t MinHeapDeltaBytes                        = 1048576                                   {product} {ergonomic}
    uintx NonNMethodCodeHeapSize                   = 7594288                                {pd product} {ergonomic}
    uintx NonProfiledCodeHeapSize                  = 122031976                              {pd product} {ergonomic}
    uintx ProfiledCodeHeapSize                     = 122031976                              {pd product} {ergonomic}
    uintx ReservedCodeCacheSize                    = 251658240                              {pd product} {ergonomic}
     bool SegmentedCodeCache                       = true                                      {product} {ergonomic}
     bool UseCompressedClassPointers               = true                                 {lp64_product} {ergonomic}
     bool UseCompressedOops                        = true                                 {lp64_product} {ergonomic}
     bool UseG1GC                                  = true                                      {product} {ergonomic}
     bool UseLargePagesIndividualAllocation        = false                                  {pd product} {ergonomic}

Logging:
Log output configuration:
 #0: stdout all=warning uptime,level,tags
 #1: stderr all=off uptime,level,tags

Environment Variables:
PATH=C:\Program Files\Git\mingw64\libexec\git-core;C:\Program Files\Git\mingw64\libexec\git-core;C:\Program Files\Git\mingw64\bin;C:\Program Files\Git\usr\bin;C:\Users\tasaj\bin;C:\windows\system32;C:\windows;C:\windows\System32\Wbem;C:\windows\System32\WindowsPowerShell\v1.0;C:\windows\System32\OpenSSH;C:\Program Files (x86)\NVIDIA Corporation\PhysX\Common;C:\Program Files\NVIDIA Corporation\NVIDIA NvDLISR;C:\WINDOWS\system32;C:\WINDOWS;C:\WINDOWS\System32\Wbem;C:\WINDOWS\System32\WindowsPowerShell\v1.0;C:\WINDOWS\System32\OpenSSH;C:\Program Files\Git\cmd;C:\Program Files\nodejs;C:\Program Files\Microsoft SQL Server\150\Tools\Binn;C:\Program Files\Microsoft SQL Server\Client SDK\ODBC\170\Tools\Binn;C:\Program Files\dotnet;C:\Program Files (x86)\Microsoft SQL Server\160\Tools\Binn;C:\Program Files\Microsoft SQL Server\160\Tools\Binn;C:\Program Files\Microsoft SQL Server\160\DTS\Binn;C:\Program Files (x86)\Microsoft SQL Server\160\DTS\Binn;C:\Program Files\Azure Data Studio\bin;C:\Users\tasaj\AppData\Local\Microsoft\WindowsApps;C:\Users\tasaj\AppData\Local\Programs\Microsoft VS Code\bin;C:\Users\tasaj\AppData\Roaming\npm;C:\Users\tasaj\.dotnet\tools;C:\Program Files\Azure Data Studio\bin
USERNAME=tasaj
DISPLAY=:0.0
LC_ALL=en_US.UTF-8
OS=Windows_NT
PROCESSOR_IDENTIFIER=Intel64 Family 6 Model 154 Stepping 3, GenuineIntel



---------------  S Y S T E M  ---------------

OS: Windows 11 , 64 bit Build 22621 (10.0.22621.1485)
OS uptime: 6 days 0:45 hours
Hyper-V role detected

CPU:total 16 (initial active 16) (8 cores per cpu, 2 threads per core) family 6 model 154 stepping 3 microcode 0x423, cmov, cx8, fxsr, mmx, sse, sse2, sse3, ssse3, sse4.1, sse4.2, popcnt, avx, avx2, aes, clmul, erms, 3dnowpref, lzcnt, ht, tsc, tscinvbit, bmi1, bmi2, adx, sha, fma

Memory: 4k page, system-wide physical 16051M (354M free)
TotalPageFile size 65203M (AvailPageFile size 206M)
current process WorkingSet (physical memory assigned to process): 11M, peak: 11M
current process commit charge ("private bytes"): 71M, peak: 323M

vm_info: OpenJDK 64-Bit Server VM (11.0.15+0-b2043.56-9505619) for windows-amd64 JRE (11.0.15+0-b2043.56-9505619), built on Jan 19 2023 02:48:00 by "builduser" with unknown MS VC++:1929

END.
